LB+fence.r.rw+addr-po
LB+fence.rw.rw+fri-rfi-data
MP+fence.w.w+fri-rfi-addr
MP+fence.w.w+addr-rfi-addr
PPODA
S+fence.rw.rw+fri-rfi-ctrl
LB+fence.rw.rw+addr-rfi-addr
S+fence.rw.rw+data-rfi-ctrl
LB+fence.r.rw+data-rfi-addr
S+fence.rw.w+data-rfi-ctrl
S+fence.rw.w+addr-rfi-addr
MP+fence.rw.w+addr-rfi-addr
S+fence.rw.rw+data-rfi-addr
S+fence.rw.rw+addr-rfi-ctrl
LB+fence.rw.w+data-rfi-addr
LB+fence.rw.w+addr-rfi-ctrl
LB+fence.rw.w+addr-rfi-addr
ISA14+NEW
S+fence.rw.rw+addr-rfi-addr
MP+fence.rw.w+data-rfi-addr
LB+fence.rw.rw+addr-rfi-ctrl
S+fence.w.w+data-rfi-data
S+fence.w.w+data-rfi-ctrl
S+fence.w.w+data-rfi-addr
LB+fence.rw.rw+fri-rfi-ctrl
S+fence.rw.w+addr-rfi-ctrl
S+fence.w.w+addr-rfi-ctrl
LB+fence.r.rw+addr-rfi-data
LB+fence.rw.rw+fri-rfi-addr
LB+fence.rw.rw+addr-rfi-data
LB+fence.rw.rw+data-rfi-ctrl
S+fence.rw.rw+fri-rfi-data
RSW
MP+fence.rw.rw+addr-rfi-addr
ISA09
S+fence.w.w+addr-rfi-addr
S+fence.rw.w+addr-rfi-data
MP+fence.rw.rw+data-rfi-addr
S+fence.rw.rw+addr-rfi-data
LB+fence.rw.w+data-rfi-ctrl
S+fence.w.w+addr-rfi-data
LB+fence.r.rw+data-rfi-ctrl
S+fence.rw.w+data-rfi-data
S+fence.w.w+fri-rfi-ctrl+REAL
LB+fence.rw.w+addr-rfi-data
LB+fence.r.rw+addr-rfi-addr
PPOLDSTLD01
S+fence.rw.rw+data-rfi-data
LB+fence.rw.rw+data-rfi-addr
LB+fence.rw.rw+data-rfi-data
LB+fence.rw.w+data-rfi-data
MP+fence.rw.rw+fri-rfi-addr
MP+fence.w.w+data-rfi-addr
S+fence.rw.w+data-rfi-addr
S+fence.rw.rw+fri-rfi-addr
LB+fence.r.rw+addr-rfi-ctrl
LB+fence.r.rw+data-rfi-data
PPOAA
LB+data+addr-rfi-ctrl
LB+data+addr-rfi-data
LB+ctrl+data-rfi-data
LB+ctrl+addr-rfi-ctrl
LB+ctrl+addr-rfi-data
LB+ctrl+addr-rfi-addr
LB+data+fri-rfi-ctrl
LB+addr+data-rfi-ctrl
LB+data+data-rfi-ctrl
LB+data+addr-rfi-addr
LB+data+data-rfi-addr
LB+data+fri-rfi-data
LB+addr+data-rfi-data
LB+ctrl+fri-rfi-addr
LB+addr+addr-rfi-data
LB+addr+fri-rfi-ctrl
LB+addr+fri-rfi-data
LB+ctrl+data-rfi-addr
LB+addr+data-rfi-addr
LB+ctrl+fri-rfi-data
LB+ctrl+fri-rfi-ctrl
LB+addr+addr-rfi-addr
LB+addr+fri-rfi-addr
LB+data+data-rfi-data
LB+data+fri-rfi-addr
LB+addr+addr-rfi-ctrl
LB+ctrl+data-rfi-ctrl
C-Will03
C-Will02
ISA13+BIS
C-Will02+HEAD
C-Will01-Bad
S+rfi-addr+addr-rfi-addr
S+rfi-ctrl+addr-rfi-ctrl
S+rfi-data+addr-rfi-addr
S+rfi-ctrl+data-rfi-addr
S+rfi-ctrl+data-rfi-data
S+rfi-ctrl+addr-rfi-data
S+rfi-data+data-rfi-addr
S+rfi-data+addr-rfi-data
S+rfi-addr+addr-rfi-data
S+rfi-ctrl+addr-rfi-addr
S+rfi-addr+addr-rfi-ctrl
S+rfi-addr+data-rfi-data
S+rfi-addr+data-rfi-addr
S+rfi-data+data-rfi-data
S+rfi-data+addr-rfi-ctrl
S+rfi-ctrl+data-rfi-ctrl
S+rfi-data+data-rfi-ctrl
S+rfi-addr+data-rfi-ctrl
ForwardAMO
LB+addr-rfi-data+ctrl-rfi-data
LB+addr-rfi-data+ctrl-rfi-ctrl
LB+addr-rfi-ctrl+ctrl-rfi-addr
LB+data-rfi-addr+data-rfi-ctrl
LB+addr-rfi-data+addr-rfi-ctrl
LB+addr-rfi-ctrl+data-rfi-ctrl
LB+data-rfi-ctrl+ctrl-rfi-data
LB+data-rfi-addr+ctrl-rfi-data
LB+addr-rfi-data+data-rfi-addr
LB+addr-rfi-addr+addr-rfi-data
LB+addr-rfi-data+data-rfi-data
LB+fri-rfi-addrs
LB+fri-rfi-addr+fri-rfi-ctrl
LB+addr-rfi-data+data-rfi-ctrl
LB+data-rfi-datas
LB+addr-rfi-datas
LB+data-rfi-addr+data-rfi-data
LB+data-rfi-data+ctrl-rfi-ctrl
LB+data-rfi-data+ctrl-rfi-addr
LB+addr-rfi-addr+ctrl-rfi-data
LB+addr-rfi-ctrl+data-rfi-addr
LB+fri-rfi-addr+fri-rfi-data
LB+data-rfi-ctrl+ctrl-rfi-ctrl
LB+addr-rfi-addr+ctrl-rfi-ctrl
LB+fri-rfi-data+fri-rfi-ctrl
LB+addr-rfi-addr+addr-rfi-ctrl
LB+fri-rfi-ctrls
LB+addr-rfi-addr+data-rfi-addr
LB+data-rfi-addr+ctrl-rfi-addr
LB+data-rfi-data+data-rfi-ctrl
LB+addr-rfi-addrs
LB+data-rfi-data+ctrl-rfi-data
LB+data-rfi-ctrl+ctrl-rfi-addr
LB+addr-rfi-ctrl+data-rfi-data
LB+fri-rfi-datas
LB+data-rfi-addrs
LB+data-rfi-addr+ctrl-rfi-ctrl
LB+addr-rfi-addr+ctrl-rfi-addr
LB+addr-rfi-addr+data-rfi-data
LB+addr-rfi-ctrls
LB+addr-rfi-addr+data-rfi-ctrl
LB+addr-rfi-ctrl+ctrl-rfi-data
LB+addr-rfi-ctrl+ctrl-rfi-ctrl
LB+addr-rfi-data+ctrl-rfi-addr
LB+data-rfi-ctrls
LB+addr+addrpx-poxp+VAR2
SB+popars+NEW
S+poarps+NEW
2+2W+popars+NEW
LB+popars+NEW
S+poprls+NEW
MP+popars+NEW
R+poarps+NEW
LB+poprls+NEW
Luc03
2+2W+poarps+NEW
S+popars+NEW
S+popar+poarp+NEW
R+popars+NEW
S+poarp+popar+NEW
R+popar+poarp+NEW
Luc03+BIS
MP+poarps+NEW
LB+poaqps+NEW
2+2W+poprls+NEW
LB+popar+poarp+NEW
MP+poarp+popar+NEW
R+poarp+popar+NEW
SB+popar+poarp+NEW
ISA13
LB+poarps+NEW
2+2W+popar+poarp+NEW
MP+popar+poarp+NEW
SB+poarps+NEW
ISA11
AMO-FENCE
S+poarar+popar+NEW
S+poarar+poarp+NEW
S+porlrl+poprl+NEW
S+poarp+poarar+NEW
2+2W+poprl+porlrl+NEW
MP+popar+poarar+NEW
R+poarar+poarp+NEW
MP+poarar+popar+NEW
LB+poarp+poarar+NEW
MP+poarar+poarp+NEW
2+2W+poarp+poarar+NEW
2+2W+popar+poarar+NEW
SB+popar+poarar+NEW
LB+popar+poarar+NEW
R+poarp+poarar+NEW
SB+poarp+poarar+NEW
S+popar+poarar+NEW
R+popar+poarar+NEW
R+poarar+popar+NEW
MP+poarp+poarar+NEW
ISA-OLD+BIS
2+2W+porlrls+NEW
2+2Swap+Acqs
SB+poarars+NEW
2+2W+poarars+NEW
MP+poarars+NEW
LB+poarars+NEW
R+poarars+NEW
S+poarars+NEW
Luc02
Luc02+BIS
ISA03+SB01
LR-SC-NOT-FENCE
ISA03+SIMPLE
