MP+fence.r.rw+fence.rw.rw
MP+fence.rw.rw+fence.rw.w
S+fence.r.rw+fence.rw.rw
MP+fence.rw.ws
S+fence.rw.w+fence.w.w
SB+fence.rw.w+fence.rw.rw
S+fence.w.ws
MP+fence.r.rws
R+fence.r.rw+fence.rw.rw
R+fence.rw.w+fence.r.rw
R+fence.rw.rw+fence.r.rw
R+fence.rw.rw+fence.rw.w
LB+fence.r.rw+fence.w.w
S+fence.r.rws
MP+fence.w.w+fence.rw.w
2+2W+fence.r.rw+fence.w.w
S+fence.rw.rw+fence.w.w
2+2W+fence.r.rw+fence.rw.w
MP+fence.rw.rw+ctrlfence.w.r
LB+fence.w.w+fence.rw.w
2+2W+fence.r.rw+fence.rw.rw
R+fence.w.w+fence.r.rw
R+fence.rw.ws
SB+fence.r.rws
S+fence.r.rw+fence.rw.w
SB+fence.rw.ws
R+fence.w.w+fence.rw.w
2+2W+fence.r.rws
SB+fence.r.rw+fence.rw.rw
LB+fence.w.ws
LB+fence.w.w+fence.rw.rw
LB+fence.w.w+data
MP+fence.r.rw+addr
S+fence.r.rw+addr
S+fence.r.rw+data
R+fence.w.w+fence.tso
S+fence.r.rw+ctrl
LB+fence.w.w+addr
LB+fence.w.w+ctrl
SB+fence.tsos
R+fence.tsos
ISA02
SB+rfi-fence.r.rs
LB+addr+addrpx-poxp+VAR
SB+fence.rw.rw+ctrlfence.r.r
S+fence.rw.rw+popx
LB+fence.rw.rw+popx
LB+fence.rw.rw+poxp
S+fence.rw.rw+poxp
LB+ctrl+popx
LB+ctrl+poxp
R+fence.tsopx+fence.tso
R+fence.tso+fence.tsopx
LB+data+poxp
R+fence.tsoxp+fence.tso
LB+addr+popx
LB+data+popx
SB+fence.tso+fence.tsopx
2+2W+fence.tso+fence.tsopx
SB+fence.tso+fence.tsoxp
LB+addr+poxp
ISA-MP-DEP-SUCCESS-SWAP-SIMPLE
LB+data+datapx-dataxp
LB+addr+addrpx-poxp+VAR2
ISA-MP-DEP-SUCCESS-SWAP
2+2W+porlps+NEW
SB+popaqs+NEW
2+2W+poprl+porlp+NEW
S+porlp+poprl+NEW
2+2W+porlp+porlrl+NEW
2+2Swap
